<?xml version='1.0' encoding='UTF-8'?>
<testsuite hostname="danny-Latitude-E7450" name="controllers.PacemakerAPITest" tests="7" errors="0" failures="1" time="1.831">
                     <properties>
[...]
</properties>
                     <testcase classname="controllers.PacemakerAPITest" name="DELETEOnApiUsersRouteShouldExist" time="0.305">
                                                 
                                               </testcase><testcase classname="controllers.PacemakerAPITest" name="POSTOnApiActivityLocationRouteCreateLocation" time="0.357">
                                                 <failure message="javax.persistence.PersistenceException: Error inserting bean [class models.Location] with unidirectional relationship. For inserts you must use cascade save on the master bean [class models.Activity]." type="sbt.ForkMain$ForkError">sbt.ForkMain$ForkError: javax.persistence.PersistenceException: Error inserting bean [class models.Location] with unidirectional relationship. For inserts you must use cascade save on the master bean [class models.Activity].
	at com.avaje.ebeaninternal.server.persist.dmlbind.BindableUnidirectional.dmlBind(BindableUnidirectional.java:67)
	at com.avaje.ebeaninternal.server.persist.dml.InsertMeta.bind(InsertMeta.java:154)
	at com.avaje.ebeaninternal.server.persist.dml.InsertHandler.bind(InsertHandler.java:104)
	at com.avaje.ebeaninternal.server.persist.dml.DmlBeanPersister.execute(DmlBeanPersister.java:69)
	at com.avaje.ebeaninternal.server.persist.dml.DmlBeanPersister.insert(DmlBeanPersister.java:50)
	at com.avaje.ebeaninternal.server.persist.DefaultPersistExecute.executeInsertBean(DefaultPersistExecute.java:54)
	at com.avaje.ebeaninternal.server.core.PersistRequestBean.executeNow(PersistRequestBean.java:615)
	at com.avaje.ebeaninternal.server.core.PersistRequestBean.executeOrQueue(PersistRequestBean.java:661)
	at com.avaje.ebeaninternal.server.persist.DefaultPersister.insert(DefaultPersister.java:449)
	at com.avaje.ebeaninternal.server.persist.DefaultPersister.insert(DefaultPersister.java:399)
	at com.avaje.ebeaninternal.server.persist.DefaultPersister.save(DefaultPersister.java:387)
	at com.avaje.ebeaninternal.server.core.DefaultServer.save(DefaultServer.java:1467)
	at com.avaje.ebeaninternal.server.core.DefaultServer.save(DefaultServer.java:1460)
	at com.avaje.ebean.Model.save(Model.java:231)
	at controllers.PacemakerAPI.createLocation(PacemakerAPI.java:159)
	at router.Routes$$anonfun$routes$1$$anonfun$applyOrElse$22$$anonfun$apply$22.apply(Routes.scala:661)
	at router.Routes$$anonfun$routes$1$$anonfun$applyOrElse$22$$anonfun$apply$22.apply(Routes.scala:661)
	at play.core.routing.HandlerInvokerFactory$$anon$4.resultCall(HandlerInvoker.scala:157)
	at play.core.routing.HandlerInvokerFactory$$anon$4.resultCall(HandlerInvoker.scala:156)
	at play.core.routing.HandlerInvokerFactory$JavaActionInvokerFactory$$anon$14$$anon$3$$anon$1.invocation(HandlerInvoker.scala:136)
	at play.core.j.JavaAction$$anon$1.call(JavaAction.scala:73)
	at play.http.HttpRequestHandler$1.call(HttpRequestHandler.java:54)
	at play.core.j.JavaAction$$anonfun$7.apply(JavaAction.scala:108)
	at play.core.j.JavaAction$$anonfun$7.apply(JavaAction.scala:108)
	at scala.concurrent.impl.Future$PromiseCompletingRunnable.liftedTree1$1(Future.scala:24)
	at scala.concurrent.impl.Future$PromiseCompletingRunnable.run(Future.scala:24)
	at play.core.j.HttpExecutionContext$$anon$2.run(HttpExecutionContext.scala:56)
	at play.api.libs.iteratee.Execution$trampoline$.execute(Execution.scala:70)
	at play.core.j.HttpExecutionContext.execute(HttpExecutionContext.scala:48)
	at scala.concurrent.impl.Future$.apply(Future.scala:31)
	at scala.concurrent.Future$.apply(Future.scala:492)
	at play.core.j.JavaAction.apply(JavaAction.scala:108)
	at play.api.mvc.Action$$anonfun$apply$2$$anonfun$apply$5$$anonfun$apply$6.apply(Action.scala:112)
	at play.api.mvc.Action$$anonfun$apply$2$$anonfun$apply$5$$anonfun$apply$6.apply(Action.scala:112)
	at play.utils.Threads$.withContextClassLoader(Threads.scala:21)
	at play.api.mvc.Action$$anonfun$apply$2$$anonfun$apply$5.apply(Action.scala:111)
	at play.api.mvc.Action$$anonfun$apply$2$$anonfun$apply$5.apply(Action.scala:110)
	at scala.Option.map(Option.scala:146)
	at play.api.mvc.Action$$anonfun$apply$2.apply(Action.scala:110)
	at play.api.mvc.Action$$anonfun$apply$2.apply(Action.scala:103)
	at scala.concurrent.Future$$anonfun$flatMap$1.apply(Future.scala:251)
	at scala.concurrent.Future$$anonfun$flatMap$1.apply(Future.scala:249)
	at scala.concurrent.impl.CallbackRunnable.run(Promise.scala:32)
	at akka.dispatch.BatchingExecutor$AbstractBatch.processBatch(BatchingExecutor.scala:55)
	at akka.dispatch.BatchingExecutor$BlockableBatch$$anonfun$run$1.apply$mcV$sp(BatchingExecutor.scala:91)
	at akka.dispatch.BatchingExecutor$BlockableBatch$$anonfun$run$1.apply(BatchingExecutor.scala:91)
	at akka.dispatch.BatchingExecutor$BlockableBatch$$anonfun$run$1.apply(BatchingExecutor.scala:91)
	at scala.concurrent.BlockContext$.withBlockContext(BlockContext.scala:72)
	at akka.dispatch.BatchingExecutor$BlockableBatch.run(BatchingExecutor.scala:90)
	at akka.dispatch.TaskInvocation.run(AbstractDispatcher.scala:39)
	at akka.dispatch.ForkJoinExecutorConfigurator$AkkaForkJoinTask.exec(AbstractDispatcher.scala:409)
	at scala.concurrent.forkjoin.ForkJoinTask.doExec(ForkJoinTask.java:260)
	at scala.concurrent.forkjoin.ForkJoinPool$WorkQueue.runTask(ForkJoinPool.java:1339)
	at scala.concurrent.forkjoin.ForkJoinPool.runWorker(ForkJoinPool.java:1979)
	at scala.concurrent.forkjoin.ForkJoinWorkerThread.run(ForkJoinWorkerThread.java:107)
</failure>
                                               </testcase><testcase classname="controllers.PacemakerAPITest" name="POSTOnApiUsersRouteCreatesUser" time="0.359">
                                                 
                                               </testcase><testcase classname="controllers.PacemakerAPITest" name="POSTOnApiUsersActivityRouteCreatesActivity" time="0.244">
                                                 
                                               </testcase><testcase classname="controllers.PacemakerAPITest" name="GETOnApiUsersRouteShouldExist" time="0.186">
                                                 
                                               </testcase><testcase classname="controllers.PacemakerAPITest" name="DELETEOnApiUsersIdRouteShouldDeleteUserAndAssociatedActivity" time="0.22">
                                                 
                                               </testcase><testcase classname="controllers.PacemakerAPITest" name="GETOnDummyRouteShouldNotBeFound" time="0.16">
                                                 
                                               </testcase>
                     <system-out></system-out>
                     <system-err></system-err>
                   </testsuite>